[2025-12-05 09:24:48] === TENTATIVE CREATION PARTICIPATION ===
userId: 1
activityType: equipements_sportifs
activityId: 30 (type: string)
datePresence: 2025-12-06
heurePresence: NULL
activityDescription: Street Workout - rue des 3 Moulins, MELUN
[2025-12-05 09:24:48] === CREATE PARTICIPATION ===
userId: 1
activityType: equipements_sportifs
activityId: 30 (type: string)
datePresence: 2025-12-06
heurePresence: NULL
activityDescription: Street Workout - rue des 3 Moulins, MELUN
[2025-12-05 09:24:48] execute() result: true
rowCount(): 1
[2025-12-05 09:24:48] ✅ Participation créée avec succès (ID: 12)
[2025-12-05 09:25:11] === TENTATIVE CREATION PARTICIPATION ===
userId: 1
activityType: equipements_sportifs
activityId: 30 (type: string)
datePresence: 2025-12-07
heurePresence: NULL
activityDescription: Street Workout - rue des 3 Moulins, MELUN
[2025-12-05 09:25:11] === CREATE PARTICIPATION ===
userId: 1
activityType: equipements_sportifs
activityId: 30 (type: string)
datePresence: 2025-12-07
heurePresence: NULL
activityDescription: Street Workout - rue des 3 Moulins, MELUN
[2025-12-05 09:25:11] execute() result: true
rowCount(): 1
[2025-12-05 09:25:11] ✅ Participation créée avec succès (ID: 13)
[2025-12-05 09:27:44] === TENTATIVE CREATION PARTICIPATION ===
userId: 1
activityType: equipements_sportifs
activityId: 30 (type: string)
datePresence: 2025-12-05
heurePresence: NULL
activityDescription: Street Workout - rue des 3 Moulins, MELUN
[2025-12-05 09:27:44] === CREATE PARTICIPATION ===
userId: 1
activityType: equipements_sportifs
activityId: 30 (type: string)
datePresence: 2025-12-05
heurePresence: NULL
activityDescription: Street Workout - rue des 3 Moulins, MELUN
[2025-12-05 09:27:44] execute() result: true
rowCount(): 1
[2025-12-05 09:27:44] ✅ Participation créée avec succès (ID: 14)
